2026-05-16 13:05:19,658 INFO o.a.j.u.JMeterUtils: Setting Locale to en_EN
2026-05-16 13:05:19,670 INFO o.a.j.JMeter: Loading user properties from: G:\apache-jmeter-5.6.3\bin\user.properties
2026-05-16 13:05:19,670 INFO o.a.j.JMeter: Loading system properties from: G:\apache-jmeter-5.6.3\bin\system.properties
2026-05-16 13:05:19,673 INFO o.a.j.JMeter: Copyright (c) 1998-2024 The Apache Software Foundation
2026-05-16 13:05:19,673 INFO o.a.j.JMeter: Version 5.6.3
2026-05-16 13:05:19,674 INFO o.a.j.JMeter: java.version=23.0.2
2026-05-16 13:05:19,674 INFO o.a.j.JMeter: java.vm.name=Java HotSpot(TM) 64-Bit Server VM
2026-05-16 13:05:19,674 INFO o.a.j.JMeter: os.name=Windows 11
2026-05-16 13:05:19,674 INFO o.a.j.JMeter: os.arch=amd64
2026-05-16 13:05:19,674 INFO o.a.j.JMeter: os.version=10.0
2026-05-16 13:05:19,674 INFO o.a.j.JMeter: file.encoding=UTF-8
2026-05-16 13:05:19,674 INFO o.a.j.JMeter: java.awt.headless=true
2026-05-16 13:05:19,674 INFO o.a.j.JMeter: Max memory     =1073741824
2026-05-16 13:05:19,674 INFO o.a.j.JMeter: Available Processors =12
2026-05-16 13:05:19,681 INFO o.a.j.JMeter: Default Locale=English (EN)
2026-05-16 13:05:19,681 INFO o.a.j.JMeter: JMeter  Locale=English (EN)
2026-05-16 13:05:19,682 INFO o.a.j.JMeter: JMeterHome=G:\apache-jmeter-5.6.3
2026-05-16 13:05:19,682 INFO o.a.j.JMeter: user.dir  =C:\Users\bogda\OneDrive\Desktop\ЯПЗТ\jmeter-lab
2026-05-16 13:05:19,682 INFO o.a.j.JMeter: PWD       =C:\Users\bogda\OneDrive\Desktop\ЯПЗТ\jmeter-lab
2026-05-16 13:05:24,657 INFO o.a.j.JMeter: IP: 192.168.56.1 Name: DESKTOP-U6QCTCC FullName: DESKTOP-U6QCTCC
2026-05-16 13:05:24,665 INFO o.a.j.JMeter: Setting property 'jmeter.reportgenerator.outputdir' to:'C:\Users\bogda\OneDrive\Desktop\ЯПЗТ\jmeter-lab\reports\html_report_basic'
2026-05-16 13:05:24,666 INFO o.a.j.s.FileServer: Default base='C:\Users\bogda\OneDrive\Desktop\ЯПЗТ\jmeter-lab'
2026-05-16 13:05:24,668 INFO o.a.j.s.FileServer: Set new base='C:\Users\bogda\OneDrive\Desktop\ЯПЗТ\jmeter-lab\test-plans'
2026-05-16 13:05:24,854 INFO o.a.j.s.SaveService: Testplan (JMX) version: 2.2. Testlog (JTL) version: 2.2
2026-05-16 13:05:24,884 INFO o.a.j.s.SaveService: Using SaveService properties version 5.0
2026-05-16 13:05:24,886 INFO o.a.j.s.SaveService: Using SaveService properties file encoding UTF-8
2026-05-16 13:05:24,888 INFO o.a.j.s.SaveService: Loading file: test-plans\basic_load_test.jmx
2026-05-16 13:05:24,964 INFO o.a.j.p.h.s.HTTPSamplerBase: Parser for text/html is org.apache.jmeter.protocol.http.parser.LagartoBasedHtmlParser
2026-05-16 13:05:24,964 INFO o.a.j.p.h.s.HTTPSamplerBase: Parser for application/xhtml+xml is org.apache.jmeter.protocol.http.parser.LagartoBasedHtmlParser
2026-05-16 13:05:24,964 INFO o.a.j.p.h.s.HTTPSamplerBase: Parser for application/xml is org.apache.jmeter.protocol.http.parser.LagartoBasedHtmlParser
2026-05-16 13:05:24,964 INFO o.a.j.p.h.s.HTTPSamplerBase: Parser for text/xml is org.apache.jmeter.protocol.http.parser.LagartoBasedHtmlParser
2026-05-16 13:05:24,964 INFO o.a.j.p.h.s.HTTPSamplerBase: Parser for text/vnd.wap.wml is org.apache.jmeter.protocol.http.parser.RegexpHTMLParser
2026-05-16 13:05:24,964 INFO o.a.j.p.h.s.HTTPSamplerBase: Parser for text/css is org.apache.jmeter.protocol.http.parser.CssParser
2026-05-16 13:05:24,980 INFO o.a.j.JMeter: Creating summariser <summary>
2026-05-16 13:05:24,983 INFO o.a.j.r.d.ReportGenerator: ReportGenerator will use for Parsing the separator: ','
2026-05-16 13:05:24,983 INFO o.a.j.r.d.ReportGenerator: Will generate report at end of test from  results file: results/results_basic.jtl
2026-05-16 13:05:24,983 INFO o.a.j.r.d.ReportGenerator: Reading report generator properties from: G:\apache-jmeter-5.6.3\bin\reportgenerator.properties
2026-05-16 13:05:25,010 INFO o.a.j.r.d.ReportGenerator: Merging with JMeter properties
2026-05-16 13:05:25,018 INFO o.a.j.r.c.ReportGeneratorConfiguration: Property 'jmeter.reportgenerator.temp_dir' not found, using default value 'temp' instead.
2026-05-16 13:05:25,021 INFO o.a.j.r.c.ReportGeneratorConfiguration: Property 'jmeter.reportgenerator.apdex_per_transaction' not found, using default value 'null' instead.
2026-05-16 13:05:25,021 INFO o.a.j.r.c.ReportGeneratorConfiguration: apdex_per_transaction is empty, not APDEX per transaction customization
2026-05-16 13:05:25,021 INFO o.a.j.r.c.ReportGeneratorConfiguration: Property 'jmeter.reportgenerator.sample_filter' not found, using default value 'null' instead.
2026-05-16 13:05:25,021 INFO o.a.j.r.c.ReportGeneratorConfiguration: Property 'jmeter.reportgenerator.report_title' not found, using default value 'null' instead.
2026-05-16 13:05:25,021 INFO o.a.j.r.c.ReportGeneratorConfiguration: Property 'jmeter.reportgenerator.start_date' not found, using default value 'null' instead.
2026-05-16 13:05:25,021 INFO o.a.j.r.c.ReportGeneratorConfiguration: Property 'jmeter.reportgenerator.end_date' not found, using default value 'null' instead.
2026-05-16 13:05:25,021 INFO o.a.j.r.c.ReportGeneratorConfiguration: Property 'jmeter.reportgenerator.date_format' not found, using default value 'null' instead.
2026-05-16 13:05:25,022 INFO o.a.j.r.c.ReportGeneratorConfiguration: Will use date range start date: null, end date: null
2026-05-16 13:05:25,024 INFO o.a.j.r.c.ReportGeneratorConfiguration: Property 'jmeter.reportgenerator.graph.totalTPS.exclude_controllers' not found, using default value 'false' instead.
2026-05-16 13:05:25,024 INFO o.a.j.r.c.ReportGeneratorConfiguration: Property 'jmeter.reportgenerator.graph.activeThreadsOverTime.exclude_controllers' not found, using default value 'false' instead.
2026-05-16 13:05:25,024 INFO o.a.j.r.c.ReportGeneratorConfiguration: Property 'jmeter.reportgenerator.graph.timeVsThreads.exclude_controllers' not found, using default value 'false' instead.
2026-05-16 13:05:25,024 INFO o.a.j.r.c.ReportGeneratorConfiguration: Property 'jmeter.reportgenerator.graph.responseTimeDistribution.exclude_controllers' not found, using default value 'false' instead.
2026-05-16 13:05:25,024 INFO o.a.j.r.c.ReportGeneratorConfiguration: Property 'jmeter.reportgenerator.graph.transactionsPerSecond.exclude_controllers' not found, using default value 'false' instead.
2026-05-16 13:05:25,025 INFO o.a.j.r.c.ReportGeneratorConfiguration: Property 'jmeter.reportgenerator.graph.responseTimePercentiles.exclude_controllers' not found, using default value 'false' instead.
2026-05-16 13:05:25,025 INFO o.a.j.r.c.ReportGeneratorConfiguration: Property 'jmeter.reportgenerator.graph.responseTimePercentilesOverTime.exclude_controllers' not found, using default value 'false' instead.
2026-05-16 13:05:25,025 INFO o.a.j.r.c.ReportGeneratorConfiguration: Property 'jmeter.reportgenerator.graph.responseTimesOverTime.exclude_controllers' not found, using default value 'false' instead.
2026-05-16 13:05:25,025 INFO o.a.j.r.c.ReportGeneratorConfiguration: Property 'jmeter.reportgenerator.graph.connectTimeOverTime.exclude_controllers' not found, using default value 'false' instead.
2026-05-16 13:05:25,025 INFO o.a.j.r.c.ReportGeneratorConfiguration: Property 'jmeter.reportgenerator.graph.latenciesOverTime.exclude_controllers' not found, using default value 'false' instead.
2026-05-16 13:05:25,025 INFO o.a.j.r.c.ReportGeneratorConfiguration: Property 'jmeter.reportgenerator.exporter.json.filters_only_sample_series' not found, using default value 'true' instead.
2026-05-16 13:05:25,025 INFO o.a.j.r.c.ReportGeneratorConfiguration: Property 'jmeter.reportgenerator.exporter.json.series_filter' not found, using default value '' instead.
2026-05-16 13:05:25,026 INFO o.a.j.r.c.ReportGeneratorConfiguration: Property 'jmeter.reportgenerator.exporter.json.show_controllers_only' not found, using default value 'false' instead.
2026-05-16 13:05:25,026 INFO o.a.j.r.c.ReportGeneratorConfiguration: Property 'jmeter.reportgenerator.exporter.html.filters_only_sample_series' not found, using default value 'true' instead.
2026-05-16 13:05:25,026 INFO o.a.j.r.c.ReportGeneratorConfiguration: Property 'jmeter.reportgenerator.exporter.html.series_filter' not found, using default value '' instead.
2026-05-16 13:05:25,026 INFO o.a.j.r.c.ReportGeneratorConfiguration: Property 'jmeter.reportgenerator.exporter.html.show_controllers_only' not found, using default value 'false' instead.
2026-05-16 13:05:25,039 INFO o.a.j.e.StandardJMeterEngine: Running the test!
2026-05-16 13:05:25,039 INFO o.a.j.s.SampleEvent: List of sample_variables: []
2026-05-16 13:05:25,039 INFO o.a.j.s.SampleEvent: List of sample_variables: []
2026-05-16 13:05:25,042 INFO o.a.j.e.u.CompoundVariable: Note: Function class names must contain the string: '.functions.'
2026-05-16 13:05:25,042 INFO o.a.j.e.u.CompoundVariable: Note: Function class names must not contain the string: '.gui.'
2026-05-16 13:05:25,083 INFO o.a.j.r.ClassFinder: Will scan jar G:\apache-jmeter-5.6.3\lib\ext\jmeter-plugins-functions-2.2.jar with filter ExtendsClassFilter [parents=[interface org.apache.jmeter.functions.Function], inner=false, contains=null, notContains=null]. Consider exposing JMeter plugins via META-INF/services, and add JMeter-Skip-Class-Scanning=true manifest attribute so JMeter can skip classfile scanning
2026-05-16 13:05:25,086 INFO o.a.j.r.ClassFinder: Will scan jar G:\apache-jmeter-5.6.3\lib\ext\jmeter-plugins-perfmon-2.1.jar with filter ExtendsClassFilter [parents=[interface org.apache.jmeter.functions.Function], inner=false, contains=null, notContains=null]. Consider exposing JMeter plugins via META-INF/services, and add JMeter-Skip-Class-Scanning=true manifest attribute so JMeter can skip classfile scanning
2026-05-16 13:05:25,091 INFO o.a.j.r.ClassFinder: Will scan jar G:\apache-jmeter-5.6.3\lib\ext\jmeter-plugins-manager-1.12.jar with filter ExtendsClassFilter [parents=[interface org.apache.jmeter.functions.Function], inner=false, contains=null, notContains=null]. Consider exposing JMeter plugins via META-INF/services, and add JMeter-Skip-Class-Scanning=true manifest attribute so JMeter can skip classfile scanning
2026-05-16 13:05:25,158 INFO o.a.j.r.ClassFinder: Will scan jar G:\apache-jmeter-5.6.3\lib\ext\jmeter-plugins-fifo-0.2.jar with filter ExtendsClassFilter [parents=[interface org.apache.jmeter.functions.Function], inner=false, contains=null, notContains=null]. Consider exposing JMeter plugins via META-INF/services, and add JMeter-Skip-Class-Scanning=true manifest attribute so JMeter can skip classfile scanning
2026-05-16 13:05:25,161 INFO o.a.j.r.ClassFinder: Will scan jar G:\apache-jmeter-5.6.3\lib\ext\jmeter-plugins-tst-2.6.jar with filter ExtendsClassFilter [parents=[interface org.apache.jmeter.functions.Function], inner=false, contains=null, notContains=null]. Consider exposing JMeter plugins via META-INF/services, and add JMeter-Skip-Class-Scanning=true manifest attribute so JMeter can skip classfile scanning
2026-05-16 13:05:25,163 INFO o.a.j.r.ClassFinder: Will scan jar G:\apache-jmeter-5.6.3\lib\ext\jmeter-plugins-graphs-basic-2.0.jar with filter ExtendsClassFilter [parents=[interface org.apache.jmeter.functions.Function], inner=false, contains=null, notContains=null]. Consider exposing JMeter plugins via META-INF/services, and add JMeter-Skip-Class-Scanning=true manifest attribute so JMeter can skip classfile scanning
2026-05-16 13:05:25,165 INFO o.a.j.r.ClassFinder: Will scan jar G:\apache-jmeter-5.6.3\lib\ext\jmeter-plugins-dummy-0.4.jar with filter ExtendsClassFilter [parents=[interface org.apache.jmeter.functions.Function], inner=false, contains=null, notContains=null]. Consider exposing JMeter plugins via META-INF/services, and add JMeter-Skip-Class-Scanning=true manifest attribute so JMeter can skip classfile scanning
2026-05-16 13:05:25,166 INFO o.a.j.r.ClassFinder: Will scan jar G:\apache-jmeter-5.6.3\lib\ext\jmeter-plugins-casutg-3.1.1.jar with filter ExtendsClassFilter [parents=[interface org.apache.jmeter.functions.Function], inner=false, contains=null, notContains=null]. Consider exposing JMeter plugins via META-INF/services, and add JMeter-Skip-Class-Scanning=true manifest attribute so JMeter can skip classfile scanning
2026-05-16 13:05:25,173 INFO o.a.j.r.ClassFinder: Will scan jar G:\apache-jmeter-5.6.3\lib\ext\jmeter-plugins-ffw-2.0.jar with filter ExtendsClassFilter [parents=[interface org.apache.jmeter.functions.Function], inner=false, contains=null, notContains=null]. Consider exposing JMeter plugins via META-INF/services, and add JMeter-Skip-Class-Scanning=true manifest attribute so JMeter can skip classfile scanning
2026-05-16 13:05:25,185 INFO o.a.j.JMeter: Running test (1778925925185)
2026-05-16 13:05:25,194 INFO o.a.j.e.StandardJMeterEngine: Starting ThreadGroup: 1 : Thread Group
2026-05-16 13:05:25,194 INFO o.a.j.e.StandardJMeterEngine: Starting 10 threads for group Thread Group.
2026-05-16 13:05:25,194 INFO o.a.j.e.StandardJMeterEngine: Thread will continue on error
2026-05-16 13:05:25,194 INFO o.a.j.t.ThreadGroup: Starting thread group... number=1 threads=10 ramp-up=5 delayedStart=false
2026-05-16 13:05:25,198 INFO o.a.j.t.ThreadGroup: Started thread group number 1
2026-05-16 13:05:25,198 INFO o.a.j.e.StandardJMeterEngine: All thread groups have been started
2026-05-16 13:05:25,203 INFO o.a.j.t.JMeterThread: Thread started: Thread Group 1-1
2026-05-16 13:05:25,214 INFO o.a.j.p.h.s.HTTPHCAbstractImpl: Local host = DESKTOP-U6QCTCC
2026-05-16 13:05:25,217 INFO o.a.j.p.h.s.HTTPHC4Impl: HTTP request retry count = 0
2026-05-16 13:05:25,218 INFO o.a.j.s.SampleResult: Note: Sample TimeStamps are START times
2026-05-16 13:05:25,218 INFO o.a.j.s.SampleResult: sampleresult.default.encoding is set to UTF-8
2026-05-16 13:05:25,218 INFO o.a.j.s.SampleResult: sampleresult.useNanoTime=true
2026-05-16 13:05:25,218 INFO o.a.j.s.SampleResult: sampleresult.nanoThreadSleep=5000
2026-05-16 13:05:25,292 INFO o.a.j.p.h.s.h.LazyLayeredConnectionSocketFactory: Setting up HTTPS TrustAll Socket Factory
2026-05-16 13:05:25,297 INFO o.a.j.u.JsseSSLManager: Using default SSL protocol: TLS
2026-05-16 13:05:25,297 INFO o.a.j.u.JsseSSLManager: SSL session context: per-thread
2026-05-16 13:05:25,494 INFO o.a.j.u.SSLManager: JmeterKeyStore Location:  type JKS
2026-05-16 13:05:25,498 INFO o.a.j.u.SSLManager: KeyStore created OK
2026-05-16 13:05:25,498 WARN o.a.j.u.SSLManager: Keystore file not found, loading empty keystore
2026-05-16 13:05:25,702 INFO o.a.j.t.JMeterThread: Thread started: Thread Group 1-2
2026-05-16 13:05:26,202 INFO o.a.j.t.JMeterThread: Thread started: Thread Group 1-3
2026-05-16 13:05:26,658 INFO o.a.j.t.JMeterThread: Thread is done: Thread Group 1-1
2026-05-16 13:05:26,659 INFO o.a.j.t.JMeterThread: Thread finished: Thread Group 1-1
2026-05-16 13:05:26,702 INFO o.a.j.t.JMeterThread: Thread started: Thread Group 1-4
2026-05-16 13:05:26,782 INFO o.a.j.t.JMeterThread: Thread is done: Thread Group 1-2
2026-05-16 13:05:26,782 INFO o.a.j.t.JMeterThread: Thread finished: Thread Group 1-2
2026-05-16 13:05:27,201 INFO o.a.j.t.JMeterThread: Thread started: Thread Group 1-5
2026-05-16 13:05:27,253 INFO o.a.j.t.JMeterThread: Thread is done: Thread Group 1-3
2026-05-16 13:05:27,253 INFO o.a.j.t.JMeterThread: Thread finished: Thread Group 1-3
2026-05-16 13:05:27,700 INFO o.a.j.t.JMeterThread: Thread started: Thread Group 1-6
2026-05-16 13:05:27,764 INFO o.a.j.t.JMeterThread: Thread is done: Thread Group 1-4
2026-05-16 13:05:27,765 INFO o.a.j.t.JMeterThread: Thread finished: Thread Group 1-4
2026-05-16 13:05:28,196 INFO o.a.j.t.JMeterThread: Thread started: Thread Group 1-7
2026-05-16 13:05:28,258 INFO o.a.j.t.JMeterThread: Thread is done: Thread Group 1-5
2026-05-16 13:05:28,258 INFO o.a.j.t.JMeterThread: Thread finished: Thread Group 1-5
2026-05-16 13:05:28,700 INFO o.a.j.t.JMeterThread: Thread started: Thread Group 1-8
2026-05-16 13:05:28,761 INFO o.a.j.t.JMeterThread: Thread is done: Thread Group 1-6
2026-05-16 13:05:28,761 INFO o.a.j.t.JMeterThread: Thread finished: Thread Group 1-6
2026-05-16 13:05:29,200 INFO o.a.j.t.JMeterThread: Thread started: Thread Group 1-9
2026-05-16 13:05:29,260 INFO o.a.j.t.JMeterThread: Thread is done: Thread Group 1-7
2026-05-16 13:05:29,260 INFO o.a.j.t.JMeterThread: Thread finished: Thread Group 1-7
2026-05-16 13:05:29,700 INFO o.a.j.t.JMeterThread: Thread started: Thread Group 1-10
2026-05-16 13:05:29,760 INFO o.a.j.t.JMeterThread: Thread is done: Thread Group 1-8
2026-05-16 13:05:29,760 INFO o.a.j.t.JMeterThread: Thread finished: Thread Group 1-8
2026-05-16 13:05:30,005 INFO o.a.j.r.Summariser: summary +     43 in 00:00:05 =    8.9/s Avg:   223 Min:   131 Max:   858 Err:     0 (0.00%) Active: 2 Started: 10 Finished: 8
2026-05-16 13:05:30,268 INFO o.a.j.t.JMeterThread: Thread is done: Thread Group 1-9
2026-05-16 13:05:30,268 INFO o.a.j.t.JMeterThread: Thread finished: Thread Group 1-9
2026-05-16 13:05:30,799 INFO o.a.j.t.JMeterThread: Thread is done: Thread Group 1-10
2026-05-16 13:05:30,799 INFO o.a.j.t.JMeterThread: Thread finished: Thread Group 1-10
2026-05-16 13:05:30,800 INFO o.a.j.e.StandardJMeterEngine: Notifying test listeners of end of test
2026-05-16 13:05:30,800 INFO o.a.j.r.Summariser: summary +      7 in 00:00:01 =    8.8/s Avg:   194 Min:   131 Max:   524 Err:     0 (0.00%) Active: 0 Started: 10 Finished: 10
2026-05-16 13:05:30,800 INFO o.a.j.r.Summariser: summary =     50 in 00:00:06 =    8.9/s Avg:   219 Min:   131 Max:   858 Err:     0 (0.00%)
2026-05-16 13:05:30,801 INFO o.a.j.JMeter: Generating Dashboard
2026-05-16 13:05:30,801 INFO o.a.j.r.d.ReportGenerator: Flushing result collector before report Generation
2026-05-16 13:05:30,808 INFO o.a.j.r.p.NormalizerSampleConsumer: Using format, 'ms', to parse timeStamp field
2026-05-16 13:05:30,878 INFO o.a.j.r.p.AbstractSampleConsumer: class org.apache.jmeter.report.processor.AggregateConsumer#stopProducing(): beginDate produced 0 samples
2026-05-16 13:05:30,878 INFO o.a.j.r.p.AbstractSampleConsumer: class org.apache.jmeter.report.processor.AggregateConsumer#stopProducing(): endDate produced 0 samples
2026-05-16 13:05:30,880 INFO o.a.j.r.p.AbstractSampleConsumer: class org.apache.jmeter.report.processor.ApdexSummaryConsumer#stopProducing(): apdexSummary produced 0 samples
2026-05-16 13:05:30,880 INFO o.a.j.r.p.AbstractSampleConsumer: class org.apache.jmeter.report.processor.RequestsSummaryConsumer#stopProducing(): requestsSummary produced 0 samples
2026-05-16 13:05:30,883 INFO o.a.j.r.p.AbstractSampleConsumer: class org.apache.jmeter.report.processor.StatisticsSummaryConsumer#stopProducing(): statisticsSummary produced 0 samples
2026-05-16 13:05:30,884 INFO o.a.j.r.p.AbstractSampleConsumer: class org.apache.jmeter.report.processor.Top5ErrorsBySamplerConsumer#stopProducing(): top5ErrorsBySampler produced 0 samples
2026-05-16 13:05:30,885 INFO o.a.j.r.p.AbstractSampleConsumer: class org.apache.jmeter.report.processor.ErrorsSummaryConsumer#stopProducing(): errorsSummary produced 0 samples
2026-05-16 13:05:30,885 INFO o.a.j.r.p.AbstractSampleConsumer: class org.apache.jmeter.report.processor.graph.impl.HitsPerSecondGraphConsumer#stopProducing(): hitsPerSecond produced 0 samples
2026-05-16 13:05:30,895 INFO o.a.j.r.p.AbstractSampleConsumer: class org.apache.jmeter.report.processor.graph.impl.LatencyVSRequestGraphConsumer#stopProducing(): latencyVsRequest produced 0 samples
2026-05-16 13:05:30,895 INFO o.a.j.r.p.AbstractSampleConsumer: class org.apache.jmeter.report.processor.graph.impl.SyntheticResponseTimeDistributionGraphConsumer#stopProducing(): syntheticResponseTimeDistribution produced 0 samples
2026-05-16 13:05:30,895 INFO o.a.j.r.p.AbstractSampleConsumer: class org.apache.jmeter.report.processor.graph.impl.BytesThroughputGraphConsumer#stopProducing(): bytesThroughputOverTime produced 0 samples
2026-05-16 13:05:30,895 INFO o.a.j.r.p.AbstractSampleConsumer: class org.apache.jmeter.report.processor.graph.impl.CodesPerSecondGraphConsumer#stopProducing(): codesPerSecond produced 0 samples
2026-05-16 13:05:30,898 INFO o.a.j.r.p.AbstractSampleConsumer: class org.apache.jmeter.report.processor.graph.impl.ResponseTimeVSRequestGraphConsumer#stopProducing(): responseTimeVsRequest produced 0 samples
2026-05-16 13:05:30,898 INFO o.a.j.r.p.AbstractSampleConsumer: class org.apache.jmeter.report.processor.FilterConsumer#stopProducing(): startIntervalControlerFilter produced 350 samples
2026-05-16 13:05:30,898 INFO o.a.j.r.p.AbstractSampleConsumer: class org.apache.jmeter.report.processor.graph.impl.TotalTPSGraphConsumer#stopProducing(): totalTPS produced 0 samples
2026-05-16 13:05:30,898 INFO o.a.j.r.p.AbstractSampleConsumer: class org.apache.jmeter.report.processor.graph.impl.ActiveThreadsGraphConsumer#stopProducing(): activeThreadsOverTime produced 0 samples
2026-05-16 13:05:30,898 INFO o.a.j.r.p.AbstractSampleConsumer: class org.apache.jmeter.report.processor.graph.impl.TimeVSThreadGraphConsumer#stopProducing(): timeVsThreads produced 0 samples
2026-05-16 13:05:30,898 INFO o.a.j.r.p.AbstractSampleConsumer: class org.apache.jmeter.report.processor.graph.impl.ResponseTimeDistributionGraphConsumer#stopProducing(): responseTimeDistribution produced 0 samples
2026-05-16 13:05:30,898 INFO o.a.j.r.p.AbstractSampleConsumer: class org.apache.jmeter.report.processor.graph.impl.TransactionsPerSecondGraphConsumer#stopProducing(): transactionsPerSecond produced 0 samples
2026-05-16 13:05:30,898 INFO o.a.j.r.p.AbstractSampleConsumer: class org.apache.jmeter.report.processor.graph.impl.ResponseTimePercentilesGraphConsumer#stopProducing(): responseTimePercentiles produced 0 samples
2026-05-16 13:05:30,899 INFO o.a.j.r.p.AbstractSampleConsumer: class org.apache.jmeter.report.processor.graph.impl.ResponseTimePercentilesOverTimeGraphConsumer#stopProducing(): responseTimePercentilesOverTime produced 0 samples
2026-05-16 13:05:30,899 INFO o.a.j.r.p.AbstractSampleConsumer: class org.apache.jmeter.report.processor.graph.impl.ResponseTimeOverTimeGraphConsumer#stopProducing(): responseTimesOverTime produced 0 samples
2026-05-16 13:05:30,899 INFO o.a.j.r.p.AbstractSampleConsumer: class org.apache.jmeter.report.processor.graph.impl.ConnectTimeOverTimeGraphConsumer#stopProducing(): connectTimeOverTime produced 0 samples
2026-05-16 13:05:30,899 INFO o.a.j.r.p.AbstractSampleConsumer: class org.apache.jmeter.report.processor.graph.impl.LatencyOverTimeGraphConsumer#stopProducing(): latenciesOverTime produced 0 samples
2026-05-16 13:05:30,899 INFO o.a.j.r.p.AbstractSampleConsumer: class org.apache.jmeter.report.processor.FilterConsumer#stopProducing(): nameFilter produced 750 samples
2026-05-16 13:05:30,899 INFO o.a.j.r.p.AbstractSampleConsumer: class org.apache.jmeter.report.processor.FilterConsumer#stopProducing(): dateRangeFilter produced 150 samples
2026-05-16 13:05:30,899 INFO o.a.j.r.p.AbstractSampleConsumer: class org.apache.jmeter.report.processor.NormalizerSampleConsumer#stopProducing(): normalizer produced 50 samples
2026-05-16 13:05:30,899 INFO o.a.j.r.p.CsvFileSampleSource: produce(): 50 samples produced in 74ms on channel 0
2026-05-16 13:05:30,899 INFO o.a.j.r.d.ReportGenerator: Exporting data using exporter:'json' of className:'org.apache.jmeter.report.dashboard.JsonExporter'
2026-05-16 13:05:30,949 INFO o.a.j.r.d.JsonExporter: Found data for consumer statisticsSummary in context
2026-05-16 13:05:30,949 INFO o.a.j.r.d.JsonExporter: Creating statistics for overall
2026-05-16 13:05:30,950 INFO o.a.j.r.d.JsonExporter: Creating statistics for other transactions
2026-05-16 13:05:30,950 INFO o.a.j.r.d.JsonExporter: Checking output folder
2026-05-16 13:05:30,950 INFO o.a.j.r.d.JsonExporter: Writing statistics JSON to C:\Users\bogda\OneDrive\Desktop\ЯПЗТ\jmeter-lab\reports\html_report_basic\statistics.json
2026-05-16 13:05:30,979 INFO o.a.j.r.d.ReportGenerator: Exporting data using exporter:'html' of className:'org.apache.jmeter.report.dashboard.HtmlTemplateExporter'
2026-05-16 13:05:30,989 INFO o.a.j.r.d.HtmlTemplateExporter: Will generate dashboard in folder: C:\Users\bogda\OneDrive\Desktop\ЯПЗТ\jmeter-lab\reports\html_report_basic
2026-05-16 13:05:31,082 INFO o.a.j.r.d.HtmlTemplateExporter: Report will be generated in: C:\Users\bogda\OneDrive\Desktop\ЯПЗТ\jmeter-lab\reports\html_report_basic, creating folder structure
2026-05-16 13:05:31,084 INFO o.a.j.r.d.TemplateVisitor: Copying folder from 'G:\apache-jmeter-5.6.3\bin\report-template' to 'C:\Users\bogda\OneDrive\Desktop\ЯПЗТ\jmeter-lab\reports\html_report_basic', got message: C:\Users\bogda\OneDrive\Desktop\ЯПЗТ\jmeter-lab\reports\html_report_basic, found non empty folder with following content [C:\Users\bogda\OneDrive\Desktop\ЯПЗТ\jmeter-lab\reports\html_report_basic\statistics.json], will be ignored
2026-05-16 13:05:31,488 INFO o.a.j.JMeter: Dashboard generated
