2026-05-16 13:04:44,936 INFO o.a.j.u.JMeterUtils: Setting Locale to en_EN
2026-05-16 13:04:44,949 INFO o.a.j.JMeter: Loading user properties from: G:\apache-jmeter-5.6.3\bin\user.properties
2026-05-16 13:04:44,949 INFO o.a.j.JMeter: Loading system properties from: G:\apache-jmeter-5.6.3\bin\system.properties
2026-05-16 13:04:44,953 INFO o.a.j.JMeter: Copyright (c) 1998-2024 The Apache Software Foundation
2026-05-16 13:04:44,953 INFO o.a.j.JMeter: Version 5.6.3
2026-05-16 13:04:44,953 INFO o.a.j.JMeter: java.version=23.0.2
2026-05-16 13:04:44,953 INFO o.a.j.JMeter: java.vm.name=Java HotSpot(TM) 64-Bit Server VM
2026-05-16 13:04:44,953 INFO o.a.j.JMeter: os.name=Windows 11
2026-05-16 13:04:44,953 INFO o.a.j.JMeter: os.arch=amd64
2026-05-16 13:04:44,953 INFO o.a.j.JMeter: os.version=10.0
2026-05-16 13:04:44,954 INFO o.a.j.JMeter: file.encoding=UTF-8
2026-05-16 13:04:44,954 INFO o.a.j.JMeter: java.awt.headless=true
2026-05-16 13:04:44,954 INFO o.a.j.JMeter: Max memory     =1073741824
2026-05-16 13:04:44,954 INFO o.a.j.JMeter: Available Processors =12
2026-05-16 13:04:44,962 INFO o.a.j.JMeter: Default Locale=English (EN)
2026-05-16 13:04:44,962 INFO o.a.j.JMeter: JMeter  Locale=English (EN)
2026-05-16 13:04:44,962 INFO o.a.j.JMeter: JMeterHome=G:\apache-jmeter-5.6.3
2026-05-16 13:04:44,962 INFO o.a.j.JMeter: user.dir  =C:\Users\bogda\OneDrive\Desktop\ЯПЗТ\jmeter-lab\results
2026-05-16 13:04:44,963 INFO o.a.j.JMeter: PWD       =C:\Users\bogda\OneDrive\Desktop\ЯПЗТ\jmeter-lab\results
2026-05-16 13:04:49,906 INFO o.a.j.JMeter: IP: 192.168.56.1 Name: DESKTOP-U6QCTCC FullName: DESKTOP-U6QCTCC
2026-05-16 13:04:49,914 ERROR o.a.j.JMeter: An error occurred: 
java.lang.IllegalArgumentException: Cannot write to 'C:\Users\bogda\OneDrive\Desktop\ЯПЗТ\jmeter-lab\results\reports\html_report_basic' as folder does not exist and parent folder is not writable
	at org.apache.jorphan.util.JOrphanUtils.canSafelyWriteToFolder(JOrphanUtils.java:672) ~[jorphan.jar:5.6.3]
	at org.apache.jorphan.util.JOrphanUtils.canSafelyWriteToFolder(JOrphanUtils.java:620) ~[jorphan.jar:5.6.3]
	at org.apache.jmeter.JMeter.extractAndSetReportOutputFolder(JMeter.java:542) ~[ApacheJMeter_core.jar:5.6.3]
	at org.apache.jmeter.JMeter.start(JMeter.java:492) [ApacheJMeter_core.jar:5.6.3]
	at java.base/jdk.internal.reflect.DirectMethodHandleAccessor.invoke(DirectMethodHandleAccessor.java:103) ~[?:?]
	at java.base/java.lang.reflect.Method.invoke(Method.java:580) ~[?:?]
	at org.apache.jmeter.NewDriver.main(NewDriver.java:259) [ApacheJMeter.jar:5.6.3]
